[{2025-01-29 23:01:33}] {bigga}
[{2025-01-29 23:01:33}] {rigga}
[{2025-01-29 23:01:33}] {chigaaaga}
[{2025-01-29 23:01:37}] {bigga}
[{2025-01-29 23:01:37}] {rigga}
[{2025-01-29 23:01:37}] {tigga}
[{2025-01-29 23:01:37}] {chigaaaga}
[{2025-01-29 23:07:39}] {Riggas}
[{2025-01-29 23:07:39}] {}
[{2025-01-29 23:08:08}] {Riggas}
[{2025-01-29 23:08:08}] {}
[{2025-01-29 23:11:43}] {Riggas}
[{2025-01-29 23:11:43}] {195}
[{2025-01-29 23:13:30}] {Riggas}
[{2025-01-29 23:13:30}] {1}
[{2025-01-29 23:13:40}] {Riggas}
[{2025-01-29 23:13:40}] {1}
[{2025-01-29 23:13:44}] {Riggas}
[{2025-01-29 23:13:44}] {2}
[{2025-01-29 23:14:16}] {Riggas}
[{2025-01-29 23:14:16}] {2}
[{2025-01-29 23:14:43}] {Riggas}
[{2025-01-29 23:14:43}] {2}
[{2025-01-29 23:19:53}] {Riggas}
[{2025-01-29 23:19:53}] {2}
